0 info it worked if it ends with ok
1 verbose cli [ '/Users/Tophe/.nvm/versions/node/v5.4.1/bin/node',
1 verbose cli   '/Users/Tophe/.nvm/versions/node/v5.4.1/bin/npm',
1 verbose cli   'run',
1 verbose cli   'contributing-test' ]
2 info using npm@3.3.12
3 info using node@v5.4.1
4 verbose run-script [ 'precontributing-test',
4 verbose run-script   'contributing-test',
4 verbose run-script   'postcontributing-test' ]
5 info lifecycle webpack-babel-starter@0.1.0~precontributing-test: webpack-babel-starter@0.1.0
6 silly lifecycle webpack-babel-starter@0.1.0~precontributing-test: no script for precontributing-test, continuing
7 info lifecycle webpack-babel-starter@0.1.0~contributing-test: webpack-babel-starter@0.1.0
8 verbose lifecycle webpack-babel-starter@0.1.0~contributing-test: unsafe-perm in lifecycle true
9 verbose lifecycle webpack-babel-starter@0.1.0~contributing-test: PATH: /Users/Tophe/.nvm/versions/node/v5.4.1/lib/node_modules/npm/bin/node-gyp-bin:/Users/Tophe/projects/front/webpack-babel-starter/node_modules/.bin:/usr/local/heroku/bin:/opt/local/bin:/opt/local/sbin:/Users/Tophe/.nvm/versions/node/v5.4.1/bin:/usr/local/bin:/usr/bin:/bin:/usr/sbin:/sbin:/usr/local/mysql/bin
10 verbose lifecycle webpack-babel-starter@0.1.0~contributing-test: CWD: /Users/Tophe/projects/front/webpack-babel-starter
11 silly lifecycle webpack-babel-starter@0.1.0~contributing-test: Args: [ '-c', './contributing/bin/contributing-test.sh' ]
12 silly lifecycle webpack-babel-starter@0.1.0~contributing-test: Returned: code: 1  signal: null
13 info lifecycle webpack-babel-starter@0.1.0~contributing-test: Failed to exec contributing-test script
14 verbose stack Error: webpack-babel-starter@0.1.0 contributing-test: `./contributing/bin/contributing-test.sh`
14 verbose stack Exit status 1
14 verbose stack     at EventEmitter.<anonymous> (/Users/Tophe/.nvm/versions/node/v5.4.1/lib/node_modules/npm/lib/utils/lifecycle.js:232:16)
14 verbose stack     at emitTwo (events.js:87:13)
14 verbose stack     at EventEmitter.emit (events.js:172:7)
14 verbose stack     at ChildProcess.<anonymous> (/Users/Tophe/.nvm/versions/node/v5.4.1/lib/node_modules/npm/lib/utils/spawn.js:24:14)
14 verbose stack     at emitTwo (events.js:87:13)
14 verbose stack     at ChildProcess.emit (events.js:172:7)
14 verbose stack     at maybeClose (internal/child_process.js:821:16)
14 verbose stack     at Process.ChildProcess._handle.onexit (internal/child_process.js:211:5)
15 verbose pkgid webpack-babel-starter@0.1.0
16 verbose cwd /Users/Tophe/projects/front/webpack-babel-starter/contributing/bin
17 error Darwin 15.3.0
18 error argv "/Users/Tophe/.nvm/versions/node/v5.4.1/bin/node" "/Users/Tophe/.nvm/versions/node/v5.4.1/bin/npm" "run" "contributing-test"
19 error node v5.4.1
20 error npm  v3.3.12
21 error code ELIFECYCLE
22 error webpack-babel-starter@0.1.0 contributing-test: `./contributing/bin/contributing-test.sh`
22 error Exit status 1
23 error Failed at the webpack-babel-starter@0.1.0 contributing-test script './contributing/bin/contributing-test.sh'.
23 error Make sure you have the latest version of node.js and npm installed.
23 error If you do, this is most likely a problem with the webpack-babel-starter package,
23 error not with npm itself.
23 error Tell the author that this fails on your system:
23 error     ./contributing/bin/contributing-test.sh
23 error You can get their info via:
23 error     npm owner ls webpack-babel-starter
23 error There is likely additional logging output above.
24 verbose exit [ 1, true ]
